Start testing: Feb 29 11:41 RTZ 4 (зима)
----------------------------------------------------------
1/3 Testing: TestCaseCircularBuffer.TestName
1/3 Test: TestCaseCircularBuffer.TestName
Command: "C:/Users/РђРЅС‚РѕРЅ/source/repos/Sem2 Task1 OOP/build/tests/Debug/hello_test2.exe" "--gtest_filter=TestCaseCircularBuffer.TestName" "--gtest_also_run_disabled_tests"
Directory: C:/Users/РђРЅС‚РѕРЅ/source/repos/Sem2 Task1 OOP/build/tests
"TestCaseCircularBuffer.TestName" start time: Feb 29 11:41 RTZ 4 (зима)
Output:
----------------------------------------------------------
Running main() from C:\Users\РђРЅС‚РѕРЅ\source\repos\Sem2 Task1 OOP\build\_deps\googletest-src\googletest\src\gtest_main.cc
Note: Google Test filter = TestCaseCircularBuffer.TestName
[==========] Running 1 test from 1 test suite.
[----------] Global test environment set-up.
[----------] 1 test from TestCaseCircularBuffer
[ RUN      ] TestCaseCircularBuffer.TestName
[       OK ] TestCaseCircularBuffer.TestName (0 ms)
[----------] 1 test from TestCaseCircularBuffer (0 ms total)

[----------] Global test environment tear-down
[==========] 1 test from 1 test suite ran. (0 ms total)
[  PASSED  ] 1 test.
<end of output>
Test time =   0.01 sec
----------------------------------------------------------
Test Passed.
"TestCaseCircularBuffer.TestName" end time: Feb 29 11:41 RTZ 4 (зима)
"TestCaseCircularBuffer.TestName" time elapsed: 00:00:00
----------------------------------------------------------

2/3 Testing: TestCaseCircularBufferWithCapacity.TestName
2/3 Test: TestCaseCircularBufferWithCapacity.TestName
Command: "C:/Users/РђРЅС‚РѕРЅ/source/repos/Sem2 Task1 OOP/build/tests/Debug/hello_test2.exe" "--gtest_filter=TestCaseCircularBufferWithCapacity.TestName" "--gtest_also_run_disabled_tests"
Directory: C:/Users/РђРЅС‚РѕРЅ/source/repos/Sem2 Task1 OOP/build/tests
"TestCaseCircularBufferWithCapacity.TestName" start time: Feb 29 11:41 RTZ 4 (зима)
Output:
----------------------------------------------------------
Running main() from C:\Users\РђРЅС‚РѕРЅ\source\repos\Sem2 Task1 OOP\build\_deps\googletest-src\googletest\src\gtest_main.cc
Note: Google Test filter = TestCaseCircularBufferWithCapacity.TestName
[==========] Running 1 test from 1 test suite.
[----------] Global test environment set-up.
[----------] 1 test from TestCaseCircularBufferWithCapacity
[ RUN      ] TestCaseCircularBufferWithCapacity.TestName
[       OK ] TestCaseCircularBufferWithCapacity.TestName (0 ms)
[----------] 1 test from TestCaseCircularBufferWithCapacity (0 ms total)

[----------] Global test environment tear-down
[==========] 1 test from 1 test suite ran. (0 ms total)
[  PASSED  ] 1 test.
<end of output>
Test time =   0.01 sec
----------------------------------------------------------
Test Passed.
"TestCaseCircularBufferWithCapacity.TestName" end time: Feb 29 11:41 RTZ 4 (зима)
"TestCaseCircularBufferWithCapacity.TestName" time elapsed: 00:00:00
----------------------------------------------------------

3/3 Testing: TestCaseCircularBufferWithCapacityAndElem.TestName
3/3 Test: TestCaseCircularBufferWithCapacityAndElem.TestName
Command: "C:/Users/РђРЅС‚РѕРЅ/source/repos/Sem2 Task1 OOP/build/tests/Debug/hello_test2.exe" "--gtest_filter=TestCaseCircularBufferWithCapacityAndElem.TestName" "--gtest_also_run_disabled_tests"
Directory: C:/Users/РђРЅС‚РѕРЅ/source/repos/Sem2 Task1 OOP/build/tests
"TestCaseCircularBufferWithCapacityAndElem.TestName" start time: Feb 29 11:41 RTZ 4 (зима)
Output:
----------------------------------------------------------
Running main() from C:\Users\РђРЅС‚РѕРЅ\source\repos\Sem2 Task1 OOP\build\_deps\googletest-src\googletest\src\gtest_main.cc
Note: Google Test filter = TestCaseCircularBufferWithCapacityAndElem.TestName
[==========] Running 1 test from 1 test suite.
[----------] Global test environment set-up.
[----------] 1 test from TestCaseCircularBufferWithCapacityAndElem
[ RUN      ] TestCaseCircularBufferWithCapacityAndElem.TestName
[       OK ] TestCaseCircularBufferWithCapacityAndElem.TestName (0 ms)
[----------] 1 test from TestCaseCircularBufferWithCapacityAndElem (0 ms total)

[----------] Global test environment tear-down
[==========] 1 test from 1 test suite ran. (0 ms total)
[  PASSED  ] 1 test.
<end of output>
Test time =   0.01 sec
----------------------------------------------------------
Test Passed.
"TestCaseCircularBufferWithCapacityAndElem.TestName" end time: Feb 29 11:41 RTZ 4 (зима)
"TestCaseCircularBufferWithCapacityAndElem.TestName" time elapsed: 00:00:00
----------------------------------------------------------

End testing: Feb 29 11:41 RTZ 4 (зима)
